<?xml version="1.0" encoding="UTF-8"?>
<!-- Generated by org.testng.reporters.JUnitReportReporter -->
<testsuite skipped="0" hostname="ip-172-31-20-25" name="com.test.JDBC.NewTest" tests="3" failures="0" timestamp="2023-03-12T17:15:09 UTC" time="12.646" errors="0">
  <testcase name="Test1" time="2.318" classname="com.test.JDBC.NewTest"/>
  <system-out/>
  <testcase name="Test" time="4.828" classname="com.test.JDBC.NewTest"/>
  <system-out/>
  <testcase name="Test2" time="5.500" classname="com.test.JDBC.NewTest"/>
  <system-out/>
</testsuite> <!-- com.test.JDBC.NewTest -->
