<?xml version="1.0" encoding="UTF-8"?>
<!-- Generated by org.testng.reporters.JUnitReportReporter -->
<testsuite skipped="0" hostname="ip-172-31-20-25" name="com.test.JDBC.NewTest" tests="3" failures="0" timestamp="12 Mar 2023 17:18:38 GMT" time="10.498" errors="0">
  <testcase name="Test1" time="2.097" classname="com.test.JDBC.NewTest"/>
  <testcase name="Test" time="3.154" classname="com.test.JDBC.NewTest"/>
  <testcase name="Test2" time="5.247" classname="com.test.JDBC.NewTest"/>
</testsuite> <!-- com.test.JDBC.NewTest -->
